TN:
SF:src/settings.ts
FNF:0
FNH:0
DA:6,0
LF:1
LH:0
BRF:0
BRH:0
end_of_record
TN:
SF:src/converters/gdoc-to-markdown.ts
FN:10,(anonymous_0)
FN:32,(anonymous_1)
FN:88,(anonymous_2)
FN:139,(anonymous_3)
FNF:4
FNH:4
FNDA:4,(anonymous_0)
FNDA:5,(anonymous_1)
FNDA:1,(anonymous_2)
FNDA:3,(anonymous_3)
DA:6,1
DA:11,4
DA:12,0
DA:15,4
DA:17,4
DA:18,4
DA:19,4
DA:20,4
DA:21,4
DA:26,4
DA:33,5
DA:34,0
DA:37,5
DA:39,5
DA:40,5
DA:41,5
DA:42,5
DA:45,5
DA:47,5
DA:48,2
DA:49,0
DA:50,2
DA:51,1
DA:52,1
DA:53,1
DA:57,5
DA:62,5
DA:65,5
DA:66,1
DA:68,1
DA:69,1
DA:70,1
DA:71,1
DA:75,0
DA:77,0
DA:81,4
DA:89,1
DA:90,0
DA:93,1
DA:94,1
DA:96,1
DA:97,3
DA:98,3
DA:99,3
DA:101,3
DA:102,2
DA:104,2
DA:106,2
DA:107,1
DA:111,2
DA:112,2
DA:118,1
DA:120,1
DA:121,1
DA:122,1
DA:129,1
DA:130,1
DA:133,1
DA:140,3
DA:142,3
DA:143,3
DA:144,3
DA:145,3
DA:150,3
LF:64
LH:58
BRDA:11,0,0,0
BRDA:11,1,0,4
BRDA:11,1,1,4
BRDA:18,2,0,4
BRDA:20,3,0,4
BRDA:33,4,0,0
BRDA:33,5,0,5
BRDA:33,5,1,5
BRDA:40,6,0,5
BRDA:40,7,0,5
BRDA:40,7,1,5
BRDA:47,8,0,2
BRDA:48,9,0,0
BRDA:48,9,1,2
BRDA:48,10,0,2
BRDA:48,10,1,1
BRDA:50,11,0,1
BRDA:50,11,1,1
BRDA:52,12,0,1
BRDA:65,13,0,1
BRDA:68,14,0,1
BRDA:68,15,0,1
BRDA:68,15,1,1
BRDA:75,16,0,0
BRDA:89,17,0,0
BRDA:89,18,0,1
BRDA:89,18,1,1
BRDA:97,19,0,3
BRDA:101,20,0,2
BRDA:101,20,1,1
BRDA:101,21,0,3
BRDA:101,21,1,2
BRDA:104,22,0,2
BRDA:106,23,0,1
BRDA:118,24,0,1
BRDA:121,25,0,1
BRDA:121,26,0,1
BRDA:121,26,1,1
BRDA:122,27,0,0
BRDA:122,27,1,1
BRDA:129,28,0,1
BRDA:142,29,0,3
BRDA:144,30,0,3
BRDA:144,31,0,3
BRDA:144,31,1,3
BRF:45
BRH:39
end_of_record
TN:
SF:src/converters/markdown-to-gdoc.ts
FN:8,(anonymous_0)
FN:13,(anonymous_1)
FN:58,(anonymous_3)
FN:80,(anonymous_4)
FN:111,(anonymous_5)
FN:148,(anonymous_6)
FN:210,(anonymous_7)
FNF:7
FNH:0
FNDA:0,(anonymous_0)
FNDA:0,(anonymous_1)
FNDA:0,(anonymous_3)
FNDA:0,(anonymous_4)
FNDA:0,(anonymous_5)
FNDA:0,(anonymous_6)
FNDA:0,(anonymous_7)
DA:7,0
DA:8,0
DA:15,0
DA:18,0
DA:19,0
DA:22,0
DA:24,0
DA:25,0
DA:27,0
DA:33,0
DA:34,0
DA:35,0
DA:37,0
DA:44,0
DA:45,0
DA:50,0
DA:51,0
DA:59,0
DA:61,0
DA:62,0
DA:65,0
DA:66,0
DA:67,0
DA:68,0
DA:69,0
DA:74,0
DA:85,0
DA:86,0
DA:89,0
DA:90,0
DA:93,0
DA:96,0
DA:97,0
DA:105,0
DA:117,0
DA:118,0
DA:120,0
DA:123,0
DA:124,0
DA:127,0
DA:128,0
DA:134,0
DA:137,0
DA:139,0
DA:140,0
DA:142,0
DA:152,0
DA:153,0
DA:154,0
DA:156,0
DA:158,0
DA:159,0
DA:162,0
DA:163,0
DA:164,0
DA:167,0
DA:175,0
DA:181,0
DA:184,0
DA:185,0
DA:187,0
DA:190,0
DA:191,0
DA:200,0
DA:204,0
DA:214,0
DA:215,0
DA:216,0
DA:219,0
DA:222,0
DA:223,0
DA:224,0
DA:225,0
DA:227,0
DA:234,0
DA:235,0
DA:239,0
DA:240,0
DA:243,0
DA:245,0
DA:247,0
DA:248,0
DA:252,0
DA:254,0
DA:255,0
DA:256,0
DA:258,0
DA:264,0
DA:265,0
DA:269,0
DA:275,0
LF:91
LH:0
BRDA:25,0,0,0
BRDA:25,0,1,0
BRDA:29,1,0,0
BRDA:29,1,1,0
BRDA:35,2,0,0
BRDA:35,3,0,0
BRDA:35,3,1,0
BRDA:40,4,0,0
BRDA:40,4,1,0
BRDA:50,5,0,0
BRDA:58,6,0,0
BRDA:61,7,0,0
BRDA:65,8,0,0
BRDA:68,9,0,0
BRDA:162,10,0,0
BRDA:162,10,1,0
BRDA:247,11,0,0
BRDA:247,12,0,0
BRDA:247,12,1,0
BRDA:248,13,0,0
BRDA:249,14,0,0
BRDA:249,14,1,0
BRF:22
BRH:0
end_of_record
TN:
SF:src/google/api.ts
FN:10,(anonymous_0)
FN:17,(anonymous_1)
FN:33,(anonymous_3)
FN:52,(anonymous_5)
FN:70,(anonymous_7)
FN:91,(anonymous_9)
FN:120,(anonymous_11)
FN:127,(anonymous_12)
FN:139,(anonymous_13)
FN:152,(anonymous_14)
FNF:10
FNH:8
FNDA:9,(anonymous_0)
FNDA:0,(anonymous_1)
FNDA:2,(anonymous_3)
FNDA:1,(anonymous_5)
FNDA:1,(anonymous_7)
FNDA:0,(anonymous_9)
FNDA:1,(anonymous_11)
FNDA:1,(anonymous_12)
FNDA:1,(anonymous_13)
FNDA:1,(anonymous_14)
DA:6,1
DA:8,9
DA:11,9
DA:18,0
DA:20,0
DA:24,0
DA:26,0
DA:34,2
DA:40,2
DA:41,1
DA:42,1
DA:45,1
DA:46,1
DA:53,1
DA:58,1
DA:59,0
DA:60,0
DA:63,1
DA:64,1
DA:71,1
DA:80,1
DA:81,0
DA:82,0
DA:85,1
DA:93,0
DA:96,0
DA:97,0
DA:98,0
DA:99,0
DA:103,0
DA:104,0
DA:121,1
DA:128,1
DA:140,1
DA:153,1
LF:35
LH:20
BRDA:40,0,0,1
BRDA:58,1,0,0
BRDA:80,2,0,0
BRDA:97,3,0,0
BRDA:97,4,0,0
BRDA:97,4,1,0
BRDA:97,4,2,0
BRDA:99,5,0,0
BRDA:99,5,1,0
BRDA:103,6,0,0
BRF:10
BRH:1
end_of_record
TN:
SF:src/sync/conflict-resolver.ts
FN:10,(anonymous_0)
FN:19,(anonymous_1)
FN:45,(anonymous_2)
FN:86,(anonymous_3)
FN:157,(anonymous_4)
FN:173,(anonymous_5)
FNF:6
FNH:5
FNDA:4,(anonymous_0)
FNDA:4,(anonymous_1)
FNDA:1,(anonymous_2)
FNDA:3,(anonymous_3)
FNDA:1,(anonymous_4)
FNDA:0,(anonymous_5)
DA:6,1
DA:12,4
DA:23,4
DA:24,1
DA:28,3
DA:29,1
DA:33,2
DA:34,1
DA:38,1
DA:39,1
DA:50,1
DA:51,1
DA:52,1
DA:54,1
DA:55,1
DA:57,1
DA:59,1
DA:60,3
DA:61,3
DA:62,3
DA:64,3
DA:66,1
DA:67,2
DA:69,1
DA:70,1
DA:72,1
DA:75,0
DA:76,0
DA:80,1
DA:87,3
DA:88,3
DA:89,3
DA:92,3
DA:93,3
DA:95,3
DA:96,9
DA:98,1
DA:103,1
DA:104,8
DA:106,0
DA:111,0
DA:112,8
DA:114,6
DA:115,6
DA:118,2
DA:119,2
DA:121,2
DA:123,0
DA:128,0
DA:129,2
DA:131,1
DA:136,1
DA:139,1
DA:145,1
DA:146,1
DA:151,3
DA:162,1
DA:174,0
DA:176,0
DA:177,0
DA:179,0
DA:180,0
DA:181,0
DA:182,0
DA:183,0
DA:184,0
DA:185,0
DA:186,0
DA:187,0
DA:191,0
LF:70
LH:51
BRDA:12,0,0,4
BRDA:12,0,1,2
BRDA:12,0,2,1
BRDA:23,1,0,1
BRDA:28,2,0,1
BRDA:33,3,0,1
BRDA:60,4,0,3
BRDA:60,4,1,0
BRDA:61,5,0,3
BRDA:61,5,1,0
BRDA:62,6,0,3
BRDA:62,6,1,0
BRDA:64,7,0,1
BRDA:64,7,1,2
BRDA:67,8,0,1
BRDA:67,8,1,1
BRDA:70,9,0,1
BRDA:70,9,1,0
BRDA:80,10,0,0
BRDA:80,10,1,1
BRDA:95,11,0,12
BRDA:95,11,1,4
BRDA:96,12,0,1
BRDA:96,12,1,8
BRDA:104,13,0,0
BRDA:104,13,1,8
BRDA:112,14,0,6
BRDA:112,14,1,2
BRDA:121,15,0,0
BRDA:121,15,1,2
BRDA:121,16,0,2
BRDA:121,16,1,0
BRDA:121,16,2,0
BRDA:129,17,0,1
BRDA:129,17,1,1
BRDA:180,18,0,0
BRDA:180,18,1,0
BRDA:182,19,0,0
BRDA:182,19,1,0
BRDA:184,20,0,0
BRF:40
BRH:26
end_of_record
TN:
SF:src/sync/folder-parser.ts
FN:10,(anonymous_0)
FN:15,(anonymous_1)
FN:25,(anonymous_3)
FN:55,(anonymous_4)
FN:71,(anonymous_6)
FN:104,(anonymous_7)
FN:113,(anonymous_9)
FN:135,(anonymous_10)
FN:140,(anonymous_12)
FN:148,(anonymous_13)
FNF:10
FNH:8
FNDA:5,(anonymous_0)
FNDA:2,(anonymous_1)
FNDA:0,(anonymous_3)
FNDA:0,(anonymous_4)
FNDA:3,(anonymous_6)
FNDA:2,(anonymous_7)
FNDA:2,(anonymous_9)
FNDA:2,(anonymous_10)
FNDA:64,(anonymous_12)
FNDA:4,(anonymous_13)
DA:1,1
DA:4,1
DA:9,1
DA:10,5
DA:16,2
DA:25,2
DA:27,0
DA:28,0
DA:29,0
DA:32,2
DA:34,0
DA:35,0
DA:38,0
DA:40,0
DA:41,0
DA:42,0
DA:44,0
DA:45,0
DA:49,2
DA:56,0
DA:57,0
DA:59,0
DA:73,3
DA:74,1
DA:78,2
DA:79,2
DA:81,2
DA:82,5
DA:83,2
DA:84,2
DA:89,2
DA:90,2
DA:97,0
DA:105,2
DA:106,2
DA:107,2
DA:114,2
DA:116,2
DA:117,0
DA:120,2
DA:121,0
DA:122,0
DA:123,0
DA:125,0
DA:128,2
DA:136,2
DA:137,2
DA:138,2
DA:139,2
DA:140,64
DA:141,2
DA:149,4
DA:152,4
DA:155,4
DA:156,2
DA:157,3
DA:161,4
LF:57
LH:37
BRDA:15,0,0,2
BRDA:27,1,0,0
BRDA:27,2,0,0
BRDA:27,2,1,0
BRDA:28,3,0,0
BRDA:28,4,0,0
BRDA:28,4,1,0
BRDA:34,5,0,0
BRDA:38,6,0,0
BRDA:38,6,1,0
BRDA:42,7,0,0
BRDA:42,8,0,0
BRDA:42,8,1,0
BRDA:73,9,0,1
BRDA:82,10,0,2
BRDA:82,11,0,5
BRDA:82,11,1,4
BRDA:89,12,0,2
BRDA:116,13,0,0
BRDA:120,14,0,0
BRDA:120,15,0,2
BRDA:120,15,1,2
BRDA:155,16,0,2
BRF:23
BRH:9
end_of_record
TN:
SF:src/sync/metadata-manager.ts
FN:10,(anonymous_0)
FN:15,(anonymous_1)
FN:22,(anonymous_2)
FN:31,(anonymous_4)
FN:52,(anonymous_6)
FN:70,(anonymous_8)
FN:82,(anonymous_10)
FN:100,(anonymous_11)
FNF:8
FNH:6
FNDA:8,(anonymous_0)
FNDA:7,(anonymous_1)
FNDA:2,(anonymous_2)
FNDA:2,(anonymous_4)
FNDA:2,(anonymous_6)
FNDA:0,(anonymous_8)
FNDA:1,(anonymous_10)
FNDA:0,(anonymous_11)
DA:4,1
DA:9,1
DA:10,8
DA:16,7
DA:23,2
DA:24,2
DA:25,2
DA:32,2
DA:33,2
DA:35,2
DA:36,1
DA:39,1
DA:40,1
DA:41,1
DA:42,1
DA:44,0
DA:45,0
DA:53,2
DA:54,2
DA:56,2
DA:58,2
DA:60,1
DA:63,1
DA:71,0
DA:72,0
DA:74,0
DA:75,0
DA:88,1
DA:101,0
DA:102,0
DA:103,0
DA:106,0
DA:107,0
DA:108,0
DA:109,0
DA:112,0
LF:36
LH:22
BRDA:35,0,0,1
BRDA:58,1,0,1
BRDA:58,1,1,1
BRDA:74,2,0,0
BRDA:102,3,0,0
BRDA:108,4,0,0
BRF:6
BRH:3
end_of_record
TN:
SF:src/sync/sync-engine.ts
FN:21,(anonymous_0)
FN:36,(anonymous_1)
FN:44,(anonymous_2)
FN:67,(anonymous_4)
FN:104,(anonymous_6)
FN:187,(anonymous_8)
FN:210,(anonymous_10)
FN:234,(anonymous_12)
FN:266,(anonymous_14)
FN:273,(anonymous_15)
FN:278,(anonymous_17)
FN:284,(anonymous_18)
FNF:12
FNH:0
FNDA:0,(anonymous_0)
FNDA:0,(anonymous_1)
FNDA:0,(anonymous_2)
FNDA:0,(anonymous_4)
FNDA:0,(anonymous_6)
FNDA:0,(anonymous_8)
FNDA:0,(anonymous_10)
FNDA:0,(anonymous_12)
FNDA:0,(anonymous_14)
FNDA:0,(anonymous_15)
FNDA:0,(anonymous_17)
FNDA:0,(anonymous_18)
DA:3,0
DA:4,0
DA:5,0
DA:6,0
DA:7,0
DA:8,0
DA:13,0
DA:22,0
DA:25,0
DA:26,0
DA:27,0
DA:28,0
DA:29,0
DA:30,0
DA:37,0
DA:38,0
DA:45,0
DA:47,0
DA:49,0
DA:50,0
DA:52,0
DA:55,0
DA:56,0
DA:68,0
DA:70,0
DA:73,0
DA:76,0
DA:79,0
DA:82,0
DA:88,0
DA:90,0
DA:97,0
DA:105,0
DA:107,0
DA:108,0
DA:109,0
DA:113,0
DA:116,0
DA:119,0
DA:120,0
DA:123,0
DA:124,0
DA:126,0
DA:127,0
DA:133,0
DA:135,0
DA:138,0
DA:140,0
DA:144,0
DA:150,0
DA:152,0
DA:153,0
DA:155,0
DA:156,0
DA:158,0
DA:160,0
DA:174,0
DA:178,0
DA:180,0
DA:188,0
DA:189,0
DA:190,0
DA:193,0
DA:194,0
DA:195,0
DA:197,0
DA:203,0
DA:211,0
DA:213,0
DA:216,0
DA:219,0
DA:220,0
DA:222,0
DA:227,0
DA:245,0
DA:246,0
DA:248,0
DA:249,0
DA:250,0
DA:252,0
DA:254,0
DA:257,0
DA:267,0
DA:274,0
DA:275,0
DA:276,0
DA:277,0
DA:278,0
DA:285,0
LF:89
LH:0
BRDA:49,0,0,0
BRDA:49,0,1,0
BRDA:108,1,0,0
BRDA:126,2,0,0
BRDA:126,3,0,0
BRDA:126,3,1,0
BRDA:133,4,0,0
BRDA:133,5,0,0
BRDA:133,5,1,0
BRDA:138,6,0,0
BRDA:138,7,0,0
BRDA:138,7,1,0
BRDA:150,8,0,0
BRDA:158,9,0,0
BRDA:246,10,0,0
BRDA:252,11,0,0
BRDA:252,11,1,0
BRF:17
BRH:0
end_of_record
TN:
SF:src/ui/diff-modal.ts
FN:12,(anonymous_0)
FN:22,(anonymous_1)
FN:46,(anonymous_2)
FN:54,(anonymous_3)
FN:62,(anonymous_4)
FN:71,(anonymous_5)
FN:113,(anonymous_6)
FNF:7
FNH:0
FNDA:0,(anonymous_0)
FNDA:0,(anonymous_1)
FNDA:0,(anonymous_2)
FNDA:0,(anonymous_3)
FNDA:0,(anonymous_4)
FNDA:0,(anonymous_5)
FNDA:0,(anonymous_6)
DA:1,0
DA:3,0
DA:8,0
DA:14,0
DA:17,0
DA:18,0
DA:19,0
DA:23,0
DA:24,0
DA:25,0
DA:27,0
DA:29,0
DA:35,0
DA:36,0
DA:40,0
DA:42,0
DA:46,0
DA:47,0
DA:48,0
DA:51,0
DA:54,0
DA:55,0
DA:56,0
DA:59,0
DA:62,0
DA:63,0
DA:64,0
DA:72,0
DA:74,0
DA:77,0
DA:79,0
DA:80,0
DA:81,0
DA:84,0
DA:86,0
DA:88,0
DA:90,0
DA:91,0
DA:92,0
DA:93,0
DA:94,0
DA:95,0
DA:96,0
DA:97,0
DA:98,0
DA:99,0
DA:100,0
DA:101,0
DA:105,0
DA:106,0
DA:114,0
DA:115,0
LF:52
LH:0
BRDA:79,0,0,0
BRDA:90,1,0,0
BRDA:90,1,1,0
BRDA:93,2,0,0
BRDA:93,2,1,0
BRDA:96,3,0,0
BRDA:105,4,0,0
BRF:7
BRH:0
end_of_record
TN:
SF:src/ui/settings-tab.ts
FN:10,(anonymous_0)
FN:17,(anonymous_1)
FN:27,(anonymous_2)
FN:31,(anonymous_3)
FN:31,(anonymous_4)
FN:41,(anonymous_5)
FN:42,(anonymous_6)
FN:42,(anonymous_7)
FN:71,(anonymous_8)
FN:72,(anonymous_9)
FN:72,(anonymous_10)
FN:82,(anonymous_11)
FN:90,(anonymous_12)
FN:90,(anonymous_13)
FNF:14
FNH:0
FNDA:0,(anonymous_0)
FNDA:0,(anonymous_1)
FNDA:0,(anonymous_2)
FNDA:0,(anonymous_3)
FNDA:0,(anonymous_4)
FNDA:0,(anonymous_5)
FNDA:0,(anonymous_6)
FNDA:0,(anonymous_7)
FNDA:0,(anonymous_8)
FNDA:0,(anonymous_9)
FNDA:0,(anonymous_10)
FNDA:0,(anonymous_11)
FNDA:0,(anonymous_12)
FNDA:0,(anonymous_13)
DA:1,0
DA:9,0
DA:12,0
DA:14,0
DA:18,0
DA:19,0
DA:21,0
DA:24,0
DA:28,0
DA:31,0
DA:32,0
DA:33,0
DA:38,0
DA:42,0
DA:43,0
DA:44,0
DA:45,0
DA:48,0
DA:49,0
DA:51,0
DA:52,0
DA:53,0
DA:54,0
DA:56,0
DA:59,0
DA:61,0
DA:62,0
DA:68,0
DA:72,0
DA:73,0
DA:74,0
DA:79,0
DA:83,0
DA:90,0
DA:91,0
DA:92,0
DA:93,0
DA:98,0
DA:100,0
DA:102,0
DA:106,0
DA:107,0
DA:109,0
DA:110,0
DA:111,0
DA:114,0
DA:115,0
DA:117,0
DA:123,0
DA:124,0
DA:125,0
LF:51
LH:0
BRDA:43,0,0,0
BRDA:53,1,0,0
BRDA:53,1,1,0
BRDA:123,2,0,0
BRF:4
BRH:0
end_of_record
TN:
SF:src/ui/sync-modal.ts
FN:10,(anonymous_0)
FN:14,(anonymous_1)
FN:34,(anonymous_2)
FN:43,(anonymous_3)
FN:55,(anonymous_4)
FN:89,(anonymous_5)
FN:94,(anonymous_6)
FNF:7
FNH:0
FNDA:0,(anonymous_0)
FNDA:0,(anonymous_1)
FNDA:0,(anonymous_2)
FNDA:0,(anonymous_3)
FNDA:0,(anonymous_4)
FNDA:0,(anonymous_5)
FNDA:0,(anonymous_6)
DA:1,0
DA:6,0
DA:11,0
DA:15,0
DA:16,0
DA:17,0
DA:19,0
DA:21,0
DA:26,0
DA:27,0
DA:28,0
DA:35,0
DA:36,0
DA:44,0
DA:45,0
DA:46,0
DA:47,0
DA:56,0
DA:57,0
DA:60,0
DA:61,0
DA:64,0
DA:66,0
DA:67,0
DA:72,0
DA:73,0
DA:77,0
DA:80,0
DA:87,0
DA:88,0
DA:89,0
DA:90,0
DA:95,0
DA:96,0
LF:34
LH:0
BRDA:35,0,0,0
BRDA:44,1,0,0
BRDA:46,2,0,0
BRDA:56,3,0,0
BRDA:60,4,0,0
BRDA:66,5,0,0
BRDA:66,5,1,0
BRDA:72,6,0,0
BRF:8
BRH:0
end_of_record
